<?xml version="1.0" encoding="UTF-8"?>
<testng-results ignored="0" total="3" passed="3" failed="0" skipped="0">
  <reporter-output>
  </reporter-output>
  <suite started-at="2019-10-28T22:38:49 BRT" name="Default suite" finished-at="2019-10-28T22:38:49 BRT" duration-ms="154">
    <groups>
    </groups>
    <test started-at="2019-10-28T22:38:49 BRT" name="Default test" finished-at="2019-10-28T22:38:49 BRT" duration-ms="154">
      <class name="MyPackage.MyClass">
        <test-method signature="primeiroTest()[pri:1, instance:MyPackage.MyClass@145eaa29]" started-at="2019-10-28T22:38:49 BRT" name="primeiroTest" description="---- Executando o Primeiro Test" finished-at="2019-10-28T22:38:49 BRT" duration-ms="24" status="PASS">
          <reporter-output>
          </reporter-output>
        </test-method> <!-- primeiroTest -->
        <test-method signature="abcTest()[pri:2, instance:MyPackage.MyClass@145eaa29]" started-at="2019-10-28T22:38:49 BRT" name="abcTest" description="---- Executando o ABC Test" finished-at="2019-10-28T22:38:49 BRT" duration-ms="10" status="PASS">
          <reporter-output>
          </reporter-output>
        </test-method> <!-- abcTest -->
        <test-method signature="finalTest()[pri:3, instance:MyPackage.MyClass@145eaa29]" started-at="2019-10-28T22:38:49 BRT" name="finalTest" description="---- Executando o Test Final" finished-at="2019-10-28T22:38:49 BRT" duration-ms="2" status="PASS">
          <reporter-output>
          </reporter-output>
        </test-method> <!-- finalTest -->
      </class> <!-- MyPackage.MyClass -->
    </test> <!-- Default test -->
  </suite> <!-- Default suite -->
</testng-results>
