<?xml version="1.0" encoding="UTF-8"?>
<!-- Generated by org.testng.reporters.JUnitXMLReporter -->
<testsuite ignored="0" hostname="nb-vostro" failures="0" tests="3" name="Default test" time="0.154" errors="0" timestamp="2019-10-28T22:38:49 BRT">
  <testcase classname="MyPackage.MyClass" name="primeiroTest" time="0.024"/>
  <testcase classname="MyPackage.MyClass" name="abcTest" time="0.01"/>
  <testcase classname="MyPackage.MyClass" name="finalTest" time="0.002"/>
</testsuite> <!-- Default test -->
